<?xml version="1.0" encoding="UTF-8"?>
<!-- Generated by org.testng.reporters.JUnitReportReporter -->
<testsuite hostname="FANTA" failures="0" tests="4" name="RecentlyPlaySongCode.RecentlyPlayedSongStoreTest" time="0.010" errors="0" timestamp="2023-04-05T17:00:41 IST" skipped="0">
  <testcase classname="RecentlyPlaySongCode.RecentlyPlayedSongStoreTest" name="validateTheCapacityDoNotExceeded" time="0.000"/>
  <system-out/>
  <testcase classname="RecentlyPlaySongCode.RecentlyPlayedSongStoreTest" name="validateAddNewSongInQueue" time="0.008"/>
  <system-out>
    <![CDATA[user1 added new song in Queue: [S1, S2, S3]
user1 added new song in Queue: [S2, S3, S4]
user1 added new song in Queue: [S3, S4, S2]
user1 added new song in Queue: [S4, S2, S1]]]>
  </system-out>
  <testcase classname="RecentlyPlaySongCode.RecentlyPlayedSongStoreTest" name="validateAddNewSongsWithNewUser" time="0.001"/>
  <system-out>
    <![CDATA[2 added new song in Queue: [S2, S3, S4]
2 added new song in Queue: [S3, S4, S2]
2 added new song in Queue: [S4, S2, S1]]]>
  </system-out>
  <testcase classname="RecentlyPlaySongCode.RecentlyPlayedSongStoreTest" name="validateToGetRecentlyPlayedSongsEmpty" time="0.001"/>
  <system-out/>
</testsuite> <!-- RecentlyPlaySongCode.RecentlyPlayedSongStoreTest -->
